[1008/021906.400:ERROR:process_reader_win.cc(151)] SuspendThread: Acceso denegado. (0x5)
[1012/193306.922:ERROR:directory_reader_win.cc(43)] FindFirstFile: El sistema no puede encontrar la ruta especificada. (0x3)
[1014/212556.486:ERROR:directory_reader_win.cc(43)] FindFirstFile: El sistema no puede encontrar la ruta especificada. (0x3)
[1018/211216.414:ERROR:filesystem_win.cc(129)] GetFileAttributes C:\Users\Dayamar\AppData\Local\Google\Chrome\User Data\Crashpad\attachments\720579a4-ecea-4d33-a731-84c599134b84: El sistema no puede encontrar la ruta especificada. (0x3)
[1018/211216.484:ERROR:directory_reader_win.cc(43)] FindFirstFile: El sistema no puede encontrar la ruta especificada. (0x3)
[1019/210607.574:ERROR:directory_reader_win.cc(43)] FindFirstFile: El sistema no puede encontrar la ruta especificada. (0x3)
[1022/205313.558:ERROR:directory_reader_win.cc(43)] FindFirstFile: El sistema no puede encontrar la ruta especificada. (0x3)
[1023/221343.103:ERROR:directory_reader_win.cc(43)] FindFirstFile: El sistema no puede encontrar la ruta especificada. (0x3)
[1024/041049.254:ERROR:process_reader_win.cc(151)] SuspendThread: Acceso denegado. (0x5)
[1024/041051.866:ERROR:exception_snapshot_win.cc(99)] thread ID 7364 not found in process
[1024/041051.866:ERROR:scoped_process_suspend.cc(40)] NtResumeProcess: Se intentó obtener acceso a un proceso que está cerrándose. (0xc000010a)
[1025/223433.805:ERROR:directory_reader_win.cc(43)] FindFirstFile: El sistema no puede encontrar la ruta especificada. (0x3)
[1226/211802.323:ERROR:directory_reader_win.cc(43)] FindFirstFile: El sistema no puede encontrar la ruta especificada. (0x3)
[1226/212627.402:ERROR:process_reader_win.cc(151)] SuspendThread: Acceso denegado. (0x5)
[1226/212627.402:ERROR:process_reader_win.cc(151)] SuspendThread: Acceso denegado. (0x5)
[1226/212627.402:ERROR:process_reader_win.cc(151)] SuspendThread: Acceso denegado. (0x5)
[1226/212627.402:ERROR:process_reader_win.cc(151)] SuspendThread: Acceso denegado. (0x5)
[1226/212628.856:ERROR:process_reader_win.cc(151)] SuspendThread: Acceso denegado. (0x5)
[1226/212628.857:ERROR:process_reader_win.cc(151)] SuspendThread: Acceso denegado. (0x5)
[1226/212628.857:ERROR:process_reader_win.cc(151)] SuspendThread: Acceso denegado. (0x5)
[1226/212628.857:ERROR:process_reader_win.cc(151)] SuspendThread: Acceso denegado. (0x5)
[1226/212628.857:ERROR:process_reader_win.cc(151)] SuspendThread: Acceso denegado. (0x5)
[1226/212628.857:ERROR:process_reader_win.cc(151)] SuspendThread: Acceso denegado. (0x5)
[1226/212628.857:ERROR:process_reader_win.cc(151)] SuspendThread: Acceso denegado. (0x5)
[1226/212629.098:ERROR:process_reader_win.cc(151)] SuspendThread: Acceso denegado. (0x5)
[1226/212629.098:ERROR:process_reader_win.cc(151)] SuspendThread: Acceso denegado. (0x5)
[1226/212629.098:ERROR:process_reader_win.cc(151)] SuspendThread: Acceso denegado. (0x5)
[1226/212629.098:ERROR:process_reader_win.cc(151)] SuspendThread: Acceso denegado. (0x5)
[1226/212629.098:ERROR:process_reader_win.cc(151)] SuspendThread: Acceso denegado. (0x5)
[1226/212629.098:ERROR:process_reader_win.cc(151)] SuspendThread: Acceso denegado. (0x5)
[1226/212629.098:ERROR:process_reader_win.cc(151)] SuspendThread: Acceso denegado. (0x5)
[1226/212629.098:ERROR:process_reader_win.cc(151)] SuspendThread: Acceso denegado. (0x5)
[1226/212629.766:ERROR:process_reader_win.cc(151)] SuspendThread: Acceso denegado. (0x5)
[1226/212629.766:ERROR:process_reader_win.cc(151)] SuspendThread: Acceso denegado. (0x5)
[1226/212629.766:ERROR:process_reader_win.cc(151)] SuspendThread: Acceso denegado. (0x5)
[1226/212629.766:ERROR:process_reader_win.cc(151)] SuspendThread: Acceso denegado. (0x5)
[1226/212629.766:ERROR:process_reader_win.cc(151)] SuspendThread: Acceso denegado. (0x5)
[1226/212629.766:ERROR:process_reader_win.cc(151)] SuspendThread: Acceso denegado. (0x5)
[1226/212631.696:ERROR:process_reader_win.cc(151)] SuspendThread: Acceso denegado. (0x5)
